<?xml version="1.0" encoding="UTF-8" ?>
<testsuite errors="0" failures="0" hostname="ArturTrofimchuk" name="com.example.tests.LauncherTemp" skipped="0" tests="3" time="41.858" timestamp="2014-01-24T08:53:10">
  <properties>
    <property name="java.vendor" value="Oracle Corporation" />
    <property name="env.USERDOMAIN_ROAMINGPROFILE" value="ArturTrofimchuk" />
    <property name="sun.java.launcher" value="SUN_STANDARD" />
    <property name="sun.management.compiler" value="HotSpot 64-Bit Tiered Compilers" />
    <property name="env.PROMPT" value="$P$G" />
    <property name="os.name" value="Windows 8" />
    <property name="env.FP_NO_HOST_CHECK" value="NO" />
    <property name="sun.boot.class.path" value="C:\Program Files\Java\jdk1.7.0_45\jre\lib\alt-rt.jar;C:\Program Files\Java\jdk1.7.0_45\jre\lib\charsets.jar;C:\Program Files\Java\jdk1.7.0_45\jre\lib\deploy.jar;C:\Program Files\Java\jdk1.7.0_45\jre\lib\javaws.jar;C:\Program Files\Java\jdk1.7.0_45\jre\lib\jce.jar;C:\Program Files\Java\jdk1.7.0_45\jre\lib\jfr.jar;C:\Program Files\Java\jdk1.7.0_45\jre\lib\jfxrt.jar;C:\Program Files\Java\jdk1.7.0_45\jre\lib\jsse.jar;C:\Program Files\Java\jdk1.7.0_45\jre\lib\management-agent.jar;C:\Program Files\Java\jdk1.7.0_45\jre\lib\plugin.jar;C:\Program Files\Java\jdk1.7.0_45\jre\lib\resources.jar;C:\Program Files\Java\jdk1.7.0_45\jre\lib\rt.jar;C:\Program Files\Java\jdk1.7.0_45\jre\lib\ext\access-bridge-64.jar;C:\Program Files\Java\jdk1.7.0_45\jre\lib\ext\dnsns.jar;C:\Program Files\Java\jdk1.7.0_45\jre\lib\ext\jaccess.jar;C:\Program Files\Java\jdk1.7.0_45\jre\lib\ext\localedata.jar;C:\Program Files\Java\jdk1.7.0_45\jre\lib\ext\sunec.jar;C:\Program Files\Java\jdk1.7.0_45\jre\lib\ext\sunjce_provider.jar;C:\Program Files\Java\jdk1.7.0_45\jre\lib\ext\sunmscapi.jar;C:\Program Files\Java\jdk1.7.0_45\jre\lib\ext\zipfs.jar" />
    <property name="env.COMPUTERNAME" value="ARTURTROFIMCHUK" />
    <property name="env.CommonProgramW6432" value="C:\Program Files\Common Files" />
    <property name="user.country.format" value="UA" />
    <property name="env.ALLUSERSPROFILE" value="C:\ProgramData" />
    <property name="sun.desktop" value="windows" />
    <property name="java.vm.specification.vendor" value="Oracle Corporation" />
    <property name="ant.home" value="D:\TestTools\apache-ant-1.9.3-bin\apache-ant-1.9.3" />
    <property name="java.runtime.version" value="1.7.0_45-b18" />
    <property name="env.HOMEPATH" value="\Users\Artur Trofimchuk" />
    <property name="user.name" value="Artur Trofimchuk" />
    <property name="user.language.format" value="uk" />
    <property name="user.language" value="ru" />
    <property name="sun.boot.library.path" value="C:\Program Files\Java\jdk1.7.0_45\jre\bin" />
    <property name="ant.project.default-target" value="build" />
    <property name="ant.project.name" value="DirectoryTests" />
    <property name="ant.file.DirectoryTests" value="D:\TestTools\Workspace\DirectoryTests\build.xml" />
    <property name="java.version" value="1.7.0_45" />
    <property name="env.PROCESSOR_IDENTIFIER" value="Intel64 Family 6 Model 60 Stepping 3, GenuineIntel" />
    <property name="user.timezone" value="" />
    <property name="env.TEMP" value="C:\Users\ARTURT~1\AppData\Local\Temp" />
    <property name="sun.arch.data.model" value="64" />
    <property name="java.endorsed.dirs" value="C:\Program Files\Java\jdk1.7.0_45\jre\lib\endorsed" />
    <property name="sun.cpu.isalist" value="amd64" />
    <property name="env.HOMEDRIVE" value="C:" />
    <property name="sun.jnu.encoding" value="Cp1251" />
    <property name="file.encoding.pkg" value="sun.io" />
    <property name="file.separator" value="\" />
    <property name="java.specification.name" value="Java Platform API Specification" />
    <property name="java.class.version" value="51.0" />
    <property name="user.country" value="RU" />
    <property name="java.home" value="C:\Program Files\Java\jdk1.7.0_45\jre" />
    <property name="env.PSModulePath" value="C:\WINDOWS\system32\WindowsPowerShell\v1.0\Modules\" />
    <property name="env.APPDATA" value="C:\Users\Artur Trofimchuk\AppData\Roaming" />
    <property name="env.PUBLIC" value="C:\Users\Public" />
    <property name="java.vm.info" value="mixed mode" />
    <property name="env.ComSpec" value="C:\WINDOWS\system32\cmd.exe" />
    <property name="env.OS" value="Windows_NT" />
    <property name="env.CommonProgramFiles" value="C:\Program Files\Common Files" />
    <property name="ant.file" value="D:\TestTools\Workspace\DirectoryTests\build.xml" />
    <property name="os.version" value="6.2" />
    <property name="env.ProgramW6432" value="C:\Program Files" />
    <property name="ant.file.type.DirectoryTests" value="file" />
    <property name="path.separator" value=";" />
    <property name="java.vm.version" value="24.45-b08" />
    <property name="user.variant" value="" />
    <property name="env.USERPROFILE" value="C:\Users\Artur Trofimchuk" />
    <property name="ant.library.dir" value="D:\TestTools\apache-ant-1.9.3-bin\apache-ant-1.9.3\lib" />
    <property name="junit.output.dir" value="junit" />
    <property name="env.JAVA_HOME" value="C:\Program Files\Java\jdk1.7.0_45\" />
    <property name="java.awt.printerjob" value="sun.awt.windows.WPrinterJob" />
    <property name="env.TMP" value="C:\Users\ARTURT~1\AppData\Local\Temp" />
    <property name="sun.io.unicode.encoding" value="UnicodeLittle" />
    <property name="awt.toolkit" value="sun.awt.windows.WToolkit" />
    <property name="user.script" value="" />
    <property name="user.home" value="C:\Users\Artur Trofimchuk" />
    <property name="target" value="1.7" />
    <property name="env.ProgramData" value="C:\ProgramData" />
    <property name="env.SESSIONNAME" value="Console" />
    <property name="env.ProgramFiles(x86)" value="C:\Program Files (x86)" />
    <property name="java.specification.vendor" value="Oracle Corporation" />
    <property name="env.NUMBER_OF_PROCESSORS" value="4" />
    <property name="java.library.path" value="C:\Program Files\Java\jdk1.7.0_45\jre\bin;C:\WINDOWS\Sun\Java\bin;C:\WINDOWS\system32;C:\WINDOWS;C:\Program Files\Java\jdk1.7.0_45\;C:\Program Files (x86)\Intel\iCLS Client\;C:\Program Files\Intel\iCLS Client\;C:\WINDOWS\system32;C:\WINDOWS;C:\WINDOWS\System32\Wbem;C:\WINDOWS\System32\WindowsPowerShell\v1.0\;C:\Program Files\Intel\Intel(R) Management Engine Components\DAL;C:\Program Files\Intel\Intel(R) Management Engine Components\IPT;C:\Program Files (x86)\Intel\Intel(R) Management Engine Components\DAL;C:\Program Files (x86)\Intel\Intel(R) Management Engine Components\IPT;D:\TestTools\apache-ant-1.9.3-bin\bin\;." />
    <property name="java.vendor.url" value="http://java.oracle.com/" />
    <property name="java.vm.vendor" value="Oracle Corporation" />
    <property name="java.runtime.name" value="Java(TM) SE Runtime Environment" />
    <property name="java.class.path" value="D:\TestTools\Workspace\DirectoryTests\bin;D:\TestTools\eclipse\plugins\org.junit_4.11.0.v201303080030\junit.jar;D:\TestTools\eclipse\plugins\org.hamcrest.core_1.3.0.v201303031735.jar;D:\Артур\selenium-server-standalone-2.39.0.jar;D:\TestTools\apache-ant-1.9.3-bin\apache-ant-1.9.3\lib\ant-launcher.jar;D:\TestTools\apache-ant-1.9.3-bin\apache-ant-1.9.3\lib\ant.jar;D:\TestTools\apache-ant-1.9.3-bin\apache-ant-1.9.3\lib\ant-junit.jar;D:\TestTools\apache-ant-1.9.3-bin\apache-ant-1.9.3\lib\ant-junit4.jar" />
    <property name="sun.java.command" value="org.apache.tools.ant.taskdefs.optional.junit.JUnitTestRunner com.example.tests.LauncherTemp skipNonTests=false filtertrace=true haltOnError=false haltOnFailure=false formatter=org.apache.tools.ant.taskdefs.optional.junit.OutErrSummaryJUnitResultFormatter showoutput=false outputtoformatters=true logfailedtests=true logtestlistenerevents=false formatter=org.apache.tools.ant.taskdefs.optional.junit.XMLJUnitResultFormatter,D:\TestTools\Workspace\DirectoryTests\junit\TEST-com.example.tests.LauncherTemp.xml crashfile=D:\TestTools\Workspace\DirectoryTests\junitvmwatcher2002938248637881283.properties propsfile=D:\TestTools\Workspace\DirectoryTests\junit2748704931890289305.properties" />
    <property name="ant.version" value="Apache Ant(TM) version 1.9.3 compiled on December 23 2013" />
    <property name="java.vm.specification.name" value="Java Virtual Machine Specification" />
    <property name="env.windir" value="C:\WINDOWS" />
    <property name="env.LOGONSERVER" value="\\ARTURTROFIMCHUK" />
    <property name="env.PROCESSOR_ARCHITECTURE" value="AMD64" />
    <property name="java.vm.specification.version" value="1.7" />
    <property name="sun.os.patch.level" value="" />
    <property name="sun.cpu.endian" value="little" />
    <property name="debuglevel" value="source,lines,vars" />
    <property name="env.ProgramFiles" value="C:\Program Files" />
    <property name="env.ANT_HOME" value="D:\TestTools\apache-ant-1.9.3-bin\apache-ant-1.9.3" />
    <property name="java.io.tmpdir" value="C:\Users\ARTURT~1\AppData\Local\Temp\" />
    <property name="env.PROCESSOR_REVISION" value="3c03" />
    <property name="env.CommonProgramFiles(x86)" value="C:\Program Files (x86)\Common Files" />
    <property name="java.vendor.url.bug" value="http://bugreport.sun.com/bugreport/" />
    <property name="env.SystemRoot" value="C:\WINDOWS" />
    <property name="os.arch" value="amd64" />
    <property name="java.awt.graphicsenv" value="sun.awt.Win32GraphicsEnvironment" />
    <property name="java.ext.dirs" value="C:\Program Files\Java\jdk1.7.0_45\jre\lib\ext;C:\WINDOWS\Sun\Java\lib\ext" />
    <property name="user.dir" value="D:\TestTools\Workspace\DirectoryTests" />
    <property name="env.LOCALAPPDATA" value="C:\Users\Artur Trofimchuk\AppData\Local" />
    <property name="line.separator" value="&#xd;&#xa;" />
    <property name="java.vm.name" value="Java HotSpot(TM) 64-Bit Server VM" />
    <property name="env.PATHEXT" value=".COM;.EXE;.BAT;.CMD;.VBS;.VBE;.JS;.JSE;.WSF;.WSH;.MSC" />
    <property name="env.Path" value="C:\Program Files\Java\jdk1.7.0_45\;C:\Program Files (x86)\Intel\iCLS Client\;C:\Program Files\Intel\iCLS Client\;C:\WINDOWS\system32;C:\WINDOWS;C:\WINDOWS\System32\Wbem;C:\WINDOWS\System32\WindowsPowerShell\v1.0\;C:\Program Files\Intel\Intel(R) Management Engine Components\DAL;C:\Program Files\Intel\Intel(R) Management Engine Components\IPT;C:\Program Files (x86)\Intel\Intel(R) Management Engine Components\DAL;C:\Program Files (x86)\Intel\Intel(R) Management Engine Components\IPT;D:\TestTools\apache-ant-1.9.3-bin\bin\" />
    <property name="basedir" value="D:\TestTools\Workspace\DirectoryTests" />
    <property name="ant.java.version" value="1.7" />
    <property name="ant.core.lib" value="D:\TestTools\apache-ant-1.9.3-bin\apache-ant-1.9.3\lib\ant.jar" />
    <property name="env.USERNAME" value="Artur Trofimchuk" />
    <property name="source" value="1.7" />
    <property name="env.SystemDrive" value="C:" />
    <property name="file.encoding" value="Cp1251" />
    <property name="env.USERDOMAIN" value="ArturTrofimchuk" />
    <property name="java.specification.version" value="1.7" />
    <property name="ant.project.invoked-targets" value="build,LauncherTemp,junitreport" />
    <property name="env.PROCESSOR_LEVEL" value="6" />
  </properties>
  <testcase classname="com.example.tests.MaterialType.MaterialTypeAdd" name="testMaterialTypeAdd" time="16.547" />
  <testcase classname="com.example.tests.MaterialType.MaterialTypeEdit" name="testMaterialTypeEdit" time="13.005" />
  <testcase classname="com.example.tests.MaterialType.MaterialTypeDel" name="testMaterialTypeDel" time="12.194" />
  <system-out><![CDATA[]]></system-out>
  <system-err><![CDATA[]]></system-err>
</testsuite>
